<?xml version="1.0" encoding="UTF-8"?>
<mule xmlns:doc="http://www.mulesoft.org/schema/mule/documentation" xmlns="http://www.mulesoft.org/schema/mule/core" xmlns:apikit="http://www.mulesoft.org/schema/mule/apikit" xmlns:http="http://www.mulesoft.org/schema/mule/http" xmlns:spring="http://www.springframework.org/schema/beans" xmlns:xsi="http://www.w3.org/2001/XMLSchema-instance" xsi:schemaLocation="http://www.mulesoft.org/schema/mule/core http://www.mulesoft.org/schema/mule/core/current/mule.xsd
http://www.mulesoft.org/schema/mule/http http://www.mulesoft.org/schema/mule/http/current/mule-http.xsd
http://www.mulesoft.org/schema/mule/apikit http://www.mulesoft.org/schema/mule/apikit/current/mule-apikit.xsd
http://www.springframework.org/schema/beans http://www.springframework.org/schema/beans/spring-beans-3.1.xsd">
    <http:listener-config name="test-200-response-validation-httpListenerConfig" host="0.0.0.0" port="8081" doc:name="HTTP Listener Configuration"/>
    <apikit:config name="test-200-response-validation-config" raml="test-200-response-validation.raml" consoleEnabled="false" doc:name="Router"/>
    <flow name="test-200-response-validation-main">
        <http:listener config-ref="test-200-response-validation-httpListenerConfig" path="/api/*" doc:name="HTTP"/>
        <apikit:router config-ref="test-200-response-validation-config" doc:name="APIkit Router"/>
        <exception-strategy ref="test-200-response-validation-apiKitGlobalExceptionMapping" doc:name="Reference Exception Strategy"/>
    </flow>
    <flow name="test-200-response-validation-console">
        <http:listener config-ref="test-200-response-validation-httpListenerConfig" path="/console/*" doc:name="HTTP"/>
        <apikit:console config-ref="test-200-response-validation-config" doc:name="APIkit Console"/>
    </flow>
    <flow name="get:/customers:test-200-response-validation-config">
        <set-payload value="[
  {
    &quot;customerId&quot; : &quot;CID990302&quot;,
    &quot;firstName&quot; : &quot;John&quot;,
    &quot;lastName&quot; : &quot;Smith&quot;,
    &quot;dateOfBirth&quot; : &quot;1976-10-01&quot;
  },
  {
    &quot;customerId&quot; : &quot;CID990312&quot;,
    &quot;firstName&quot; : &quot;Steve&quot;,
    &quot;lastName&quot; : &quot;Tim&quot;,
    &quot;dateOfBirth&quot; : &quot;1977-09-22&quot;
  },
  {
    &quot;customerId&quot; : &quot;CID990315&quot;,
    &quot;firstName&quot; : &quot;Maria&quot;,
    &quot;lastName&quot; : &quot;Finn&quot;,
    &quot;dateOfBirth&quot; : &quot;1969-05-30&quot;
  }                  
]" doc:name="Set Payload"/>
    </flow>
    <apikit:mapping-exception-strategy name="test-200-response-validation-apiKitGlobalExceptionMapping">
        <apikit:mapping statusCode="404">
            <apikit:exception value="org.mule.module.apikit.exception.NotFoundException" />
            <set-property propertyName="Content-Type" value="application/json" doc:name="Property"/>
            <set-payload value="{ &quot;message&quot;: &quot;Resource not found&quot; }" doc:name="Set Payload"/>
        </apikit:mapping>
        <apikit:mapping statusCode="405">
            <apikit:exception value="org.mule.module.apikit.exception.MethodNotAllowedException" />
            <set-property propertyName="Content-Type" value="application/json" doc:name="Property"/>
            <set-payload value="{ &quot;message&quot;: &quot;Method not allowed&quot; }" doc:name="Set Payload"/>
        </apikit:mapping>
        <apikit:mapping statusCode="415">
            <apikit:exception value="org.mule.module.apikit.exception.UnsupportedMediaTypeException" />
            <set-property propertyName="Content-Type" value="application/json" doc:name="Property"/>
            <set-payload value="{ &quot;message&quot;: &quot;Unsupported media type&quot; }" doc:name="Set Payload"/>
        </apikit:mapping>
        <apikit:mapping statusCode="406">
            <apikit:exception value="org.mule.module.apikit.exception.NotAcceptableException" />
            <set-property propertyName="Content-Type" value="application/json" doc:name="Property"/>
            <set-payload value="{ &quot;message&quot;: &quot;Not acceptable&quot; }" doc:name="Set Payload"/>
        </apikit:mapping>
        <apikit:mapping statusCode="400">
            <apikit:exception value="org.mule.module.apikit.exception.BadRequestException" />
            <set-property propertyName="Content-Type" value="application/json" doc:name="Property"/>
            <set-payload value="{ &quot;message&quot;: &quot;Bad request&quot; }" doc:name="Set Payload"/>
        </apikit:mapping>
    </apikit:mapping-exception-strategy>
</mule>
